<?xml version="1.0" encoding="UTF-8"?>
<!-- Generated by org.testng.reporters.JUnitReportReporter -->
<testsuite skipped="0" hostname="DESKTOP-P97I82V" name="com.mercury.tours.Extent_Report" tests="2" failures="0" timestamp="26 Dec 2019 11:02:04 GMT" time="14.343" errors="0">
  <testcase name="LaunchBrowser" time="6.402" classname="com.mercury.tours.Extent_Report"/>
  <testcase name="Sign_On_Successful_Login" time="7.941" classname="com.mercury.tours.Extent_Report"/>
</testsuite> <!-- com.mercury.tours.Extent_Report -->
