<?xml version="1.0" encoding="UTF-8"?>
<!-- Generated by org.testng.reporters.JUnitReportReporter -->
<testsuite skipped="0" hostname="DESKTOP-P97I82V" name="com.mercury.tours.Parameter_Sign_On" tests="3" failures="0" timestamp="25 Dec 2019 07:04:28 GMT" time="158.393" errors="0">
  <testcase name="Login" time="6.067" classname="com.mercury.tours.Parameter_Sign_On"/>
  <testcase name="Login" time="79.726" classname="com.mercury.tours.Parameter_Sign_On"/>
  <testcase name="Login" time="72.600" classname="com.mercury.tours.Parameter_Sign_On"/>
</testsuite> <!-- com.mercury.tours.Parameter_Sign_On -->
