<?xml version="1.0" encoding="UTF-8"?>
<!-- Generated by org.testng.reporters.JUnitReportReporter -->
<testsuite skipped="0" hostname="DESKTOP-P97I82V" name="com.mercury.tours.Sign_On_InternetExplorer" tests="1" failures="0" timestamp="25 Dec 2019 09:01:43 GMT" time="15.773" errors="0">
  <testcase name="SignOn" time="15.773" classname="com.mercury.tours.Sign_On_InternetExplorer"/>
</testsuite> <!-- com.mercury.tours.Sign_On_InternetExplorer -->
