<?xml version="1.0" encoding="UTF-8"?>
<!-- Generated by org.testng.reporters.JUnitReportReporter -->
<testsuite skipped="0" hostname="DESKTOP-P97I82V" name="com.mercury.tours.Sign_On_Gettext" tests="1" failures="0" timestamp="24 Dec 2019 04:56:46 GMT" time="31.859" errors="0">
  <testcase name="Sign_On_Successful_Login" time="31.859" classname="com.mercury.tours.Sign_On_Gettext"/>
</testsuite> <!-- com.mercury.tours.Sign_On_Gettext -->
