<?xml version="1.0" encoding="UTF-8"?>
<!-- Generated by org.testng.reporters.JUnitReportReporter -->
<testsuite skipped="0" hostname="DESKTOP-P97I82V" name="com.mercury.tours.Mercury_Sign_On_TestNG_Class1" tests="1" failures="0" timestamp="24 Dec 2019 05:19:27 GMT" time="9.572" errors="0">
  <testcase name="f" time="9.572" classname="com.mercury.tours.Mercury_Sign_On_TestNG_Class1"/>
</testsuite> <!-- com.mercury.tours.Mercury_Sign_On_TestNG_Class1 -->
