<?xml version="1.0" encoding="UTF-8"?>
<!-- Generated by org.testng.reporters.JUnitReportReporter -->
<testsuite skipped="0" hostname="DESKTOP-P97I82V" name="com.mercury.tours.SignOn_Readpropertiesfiles" tests="1" failures="0" timestamp="26 Dec 2019 09:46:36 GMT" time="11.423" errors="0">
  <testcase name="Sign_On_Successful_Login" time="11.423" classname="com.mercury.tours.SignOn_Readpropertiesfiles"/>
</testsuite> <!-- com.mercury.tours.SignOn_Readpropertiesfiles -->
