<?xml version="1.0" encoding="UTF-8"?>
<!-- Generated by org.testng.reporters.JUnitReportReporter -->
<testsuite skipped="0" hostname="DESKTOP-P97I82V" name="com.mercury.tours.Google_Linkexample" tests="1" failures="0" timestamp="25 Dec 2019 05:13:16 GMT" time="58.326" errors="0">
  <testcase name="navigateToAllLinks" time="58.326" classname="com.mercury.tours.Google_Linkexample"/>
</testsuite> <!-- com.mercury.tours.Google_Linkexample -->
