<?xml version="1.0" encoding="UTF-8"?>
<!-- Generated by org.testng.reporters.JUnitReportReporter -->
<testsuite skipped="0" hostname="DESKTOP-P97I82V" name="com.mercury.tours.HdfcNetbanking" tests="1" failures="0" timestamp="24 Dec 2019 07:40:09 GMT" time="5.590" errors="0">
  <testcase name="f" time="5.590" classname="com.mercury.tours.HdfcNetbanking"/>
</testsuite> <!-- com.mercury.tours.HdfcNetbanking -->
