<?xml version="1.0" encoding="UTF-8"?>
<!-- Generated by org.testng.reporters.JUnitReportReporter -->
<testsuite skipped="0" hostname="DESKTOP-P97I82V" name="com.mercury.tours.Handle_Window_Alert" tests="1" failures="0" timestamp="24 Dec 2019 12:20:45 GMT" time="3.880" errors="0">
  <testcase name="f" time="3.880" classname="com.mercury.tours.Handle_Window_Alert"/>
</testsuite> <!-- com.mercury.tours.Handle_Window_Alert -->
