<?xml version="1.0" encoding="UTF-8"?>
<!-- Generated by org.testng.reporters.JUnitReportReporter -->
<testsuite skipped="0" hostname="DESKTOP-P97I82V" name="com.mercury.tours.Mercury_Sign_On_TestNG_Class" tests="1" failures="0" timestamp="23 Dec 2019 11:21:46 GMT" time="119.274" errors="0">
  <testcase name="f" time="119.274" classname="com.mercury.tours.Mercury_Sign_On_TestNG_Class"/>
</testsuite> <!-- com.mercury.tours.Mercury_Sign_On_TestNG_Class -->
