<?xml version="1.0" encoding="UTF-8"?>
<!-- Generated by org.testng.reporters.JUnitReportReporter -->
<testsuite skipped="0" hostname="DESKTOP-P97I82V" name="com.mercury.tours.DragandDrop" tests="1" failures="0" timestamp="25 Dec 2019 10:55:53 GMT" time="15.873" errors="0">
  <testcase name="f" time="15.873" classname="com.mercury.tours.DragandDrop"/>
</testsuite> <!-- com.mercury.tours.DragandDrop -->
